[debug] [2025-01-30T02:25:27.104Z] ----------------------------------------------------------------------
[debug] [2025-01-30T02:25:27.106Z] Command:       C:\Program Files\nodejs\node.exe C:\Users\rajan\.bun\install\global\node_modules\firebase-tools\lib\bin\firebase.js init
[debug] [2025-01-30T02:25:27.106Z] CLI Version:   13.13.0
[debug] [2025-01-30T02:25:27.106Z] Platform:      win32
[debug] [2025-01-30T02:25:27.106Z] Node Version:  v20.15.0
[debug] [2025-01-30T02:25:27.106Z] Time:          Wed Jan 29 2025 18:25:27 GMT-0800 (Pacific Standard Time)
[debug] [2025-01-30T02:25:27.106Z] ----------------------------------------------------------------------
[debug] 
[debug] [2025-01-30T02:25:27.109Z] >>> [apiv2][query] GET https://firebase-public.firebaseio.com/cli.json [none]
[debug] [2025-01-30T02:25:27.182Z] > command requires scopes: ["email","openid","https://www.googleapis.com/auth/cloudplatformprojects.readonly","https://www.googleapis.com/auth/firebase","https://www.googleapis.com/auth/cloud-platform"]
[debug] [2025-01-30T02:25:27.182Z] > authorizing via signed-in user (rajansd28@gmail.com)
[info] 
     ######## #### ########  ######## ########     ###     ######  ########
     ##        ##  ##     ## ##       ##     ##  ##   ##  ##       ##
     ######    ##  ########  ######   ########  #########  ######  ######
     ##        ##  ##    ##  ##       ##     ## ##     ##       ## ##
     ##       #### ##     ## ######## ########  ##     ##  ######  ########

You're about to initialize a Firebase project in this directory:

  D:\pdf-tools

Before we get started, keep in mind:

  * You are initializing within an existing Firebase project directory

[debug] [2025-01-30T02:25:27.332Z] <<< [apiv2][status] GET https://firebase-public.firebaseio.com/cli.json 200
[debug] [2025-01-30T02:25:27.332Z] <<< [apiv2][body] GET https://firebase-public.firebaseio.com/cli.json {"cloudBuildErrorAfter":1594252800000,"cloudBuildWarnAfter":1590019200000,"defaultNode10After":1594252800000,"minVersion":"3.0.5","node8DeploysDisabledAfter":1613390400000,"node8RuntimeDisabledAfter":1615809600000,"node8WarnAfter":1600128000000}
[info] 
=== Project Setup
[info] 
[info] First, let's associate this project directory with a Firebase project.
[info] You can create multiple project aliases by running firebase use --add, 
[info] but for now we'll just set up a default project.
[info] 
[debug] [2025-01-30T02:25:31.852Z] Using project from CLI flag: pdf-tools-rajanphadnis
[debug] [2025-01-30T02:25:31.853Z] > refreshing access token with scopes: []
[debug] [2025-01-30T02:25:31.854Z] >>> [apiv2][query] POST https://www.googleapis.com/oauth2/v3/token [none]
[debug] [2025-01-30T02:25:31.854Z] >>> [apiv2][body] POST https://www.googleapis.com/oauth2/v3/token [omitted]
[debug] [2025-01-30T02:25:32.066Z] <<< [apiv2][status] POST https://www.googleapis.com/oauth2/v3/token 200
[debug] [2025-01-30T02:25:32.066Z] <<< [apiv2][body] POST https://www.googleapis.com/oauth2/v3/token [omitted]
[debug] [2025-01-30T02:25:32.074Z] >>> [apiv2][query] GET https://firebase.googleapis.com/v1beta1/projects/pdf-tools-rajanphadnis [none]
[debug] [2025-01-30T02:25:32.477Z] <<< [apiv2][status] GET https://firebase.googleapis.com/v1beta1/projects/pdf-tools-rajanphadnis 403
[debug] [2025-01-30T02:25:32.478Z] <<< [apiv2][body] GET https://firebase.googleapis.com/v1beta1/projects/pdf-tools-rajanphadnis {"error":{"code":403,"message":"The caller does not have permission","status":"PERMISSION_DENIED"}}
[debug] [2025-01-30T02:25:32.478Z] HTTP Error: 403, The caller does not have permission
[debug] [2025-01-30T02:25:32.648Z] FirebaseError: HTTP Error: 403, The caller does not have permission
    at responseToError (C:\Users\rajan\.bun\install\global\node_modules\firebase-tools\lib\responseToError.js:49:12)
    at RetryOperation._fn (C:\Users\rajan\.bun\install\global\node_modules\firebase-tools\lib\apiv2.js:305:77)
    at process.processTicksAndRejections (node:internal/process/task_queues:95:5)
[error] 
[error] Error: Failed to get Firebase project pdf-tools-rajanphadnis. Please make sure the project exists and your account has permission to access it.
